2023-07-10 22:58:51,878 BeadExtractor.extractor_controller INFO: Starting logginf in Extractor [in d:\python\simple_psf_extractor\src\BeadExtractor\extractor_controller.py:23]
2023-07-10 22:58:51,878 BeadExtractor.extractor_model INFO: Model object created [in d:\python\simple_psf_extractor\src\BeadExtractor\extractor_model.py:17]
2023-07-10 22:58:51,890 BeadExtractor.extractor_controller INFO: _bind: Binding buttons and entries is done. [in d:\python\simple_psf_extractor\src\BeadExtractor\extractor_controller.py:66]
2023-07-10 23:55:25,855 __main__ INFO: Initializing Bead Extractor. [in d:\python\simple_psf_extractor\src\BeadExtractor\extractor_controller.py:24]
2023-07-10 23:55:25,856 extractor_model INFO: Model object created [in d:\python\simple_psf_extractor\src\BeadExtractor\extractor_model.py:17]
2023-07-10 23:55:25,869 __main__ INFO: _bind: Binding buttons and entries is done. [in d:\python\simple_psf_extractor\src\BeadExtractor\extractor_controller.py:67]
2023-07-11 00:07:43,817 __main__ INFO: Initializing Bead Extractor. [in d:\python\simple_psf_extractor\src\BeadExtractor\extractor_controller.py:24]
2023-07-11 00:07:43,817 extractor_model INFO: Model object created [in d:\python\simple_psf_extractor\src\BeadExtractor\extractor_model.py:17]
2023-07-11 00:07:43,829 __main__ INFO: _bind: Binding buttons and entries is done. [in d:\python\simple_psf_extractor\src\BeadExtractor\extractor_controller.py:67]
2023-07-11 00:08:02,588 __main__ INFO: LoadsBeadPhoto: file(s) loaded.  [in d:\python\simple_psf_extractor\src\BeadExtractor\extractor_controller.py:96]
2023-07-11 00:08:02,754 __main__ INFO: LoadsBeadPhoto: tmp.tiff created  [in d:\python\simple_psf_extractor\src\BeadExtractor\extractor_controller.py:101]
2023-07-11 00:08:12,572 __main__ INFO: ExtractBeads: number of extracted beads = 5 [in d:\python\simple_psf_extractor\src\BeadExtractor\extractor_controller.py:119]
2023-07-11 00:08:40,341 __main__ INFO: Initializing Bead Extractor. [in d:\python\simple_psf_extractor\src\BeadExtractor\extractor_controller.py:24]
2023-07-11 00:08:40,341 extractor_model INFO: Model object created [in d:\python\simple_psf_extractor\src\BeadExtractor\extractor_model.py:17]
2023-07-11 00:08:40,353 __main__ INFO: _bind: Binding buttons and entries is done. [in d:\python\simple_psf_extractor\src\BeadExtractor\extractor_controller.py:67]
2023-07-11 00:08:58,552 __main__ INFO: LoadsBeadPhoto: file(s) loaded.  [in d:\python\simple_psf_extractor\src\BeadExtractor\extractor_controller.py:96]
2023-07-11 00:08:58,742 __main__ INFO: LoadsBeadPhoto: tmp.tiff created  [in d:\python\simple_psf_extractor\src\BeadExtractor\extractor_controller.py:101]
2023-07-11 00:09:09,590 __main__ INFO: ExtractBeads: number of extracted beads = 3 [in d:\python\simple_psf_extractor\src\BeadExtractor\extractor_controller.py:119]
2023-07-11 00:20:36,434 __main__ INFO: Initializing Bead Extractor. [in d:\python\simple_psf_extractor\src\BeadExtractor\extractor_controller.py:24]
2023-07-11 00:20:36,434 extractor_model INFO: Model object created [in d:\python\simple_psf_extractor\src\BeadExtractor\extractor_model.py:17]
2023-07-11 00:20:36,444 __main__ INFO: _bind: Binding buttons and entries is done. [in d:\python\simple_psf_extractor\src\BeadExtractor\extractor_controller.py:67]
2023-07-11 00:20:55,930 __main__ INFO: LoadsBeadPhoto: file(s) loaded.  [in d:\python\simple_psf_extractor\src\BeadExtractor\extractor_controller.py:96]
2023-07-11 00:20:56,104 __main__ INFO: LoadsBeadPhoto: tmp.tiff created  [in d:\python\simple_psf_extractor\src\BeadExtractor\extractor_controller.py:101]
2023-07-11 00:21:06,901 __main__ INFO: ExtractBeads: number of extracted beads = 5 [in d:\python\simple_psf_extractor\src\BeadExtractor\extractor_controller.py:119]
